2016-05-18 07:52:47,643 [Worker-2] INFO  o.e.m.c.i.l.LifecycleMappingFactory - Using org.eclipse.m2e.jdt.JarLifecycleMapping lifecycle mapping for MavenProject: com.brasajava:spring-jsf-1:0.1 @ C:\Users\Ricardo\Documents\GitHub\springboot-jsf\spring-jsf-1\pom.xml.
2016-05-18 07:52:52,212 [Worker-2] INFO  o.e.m.c.i.e.AbstractTransferListenerAdapter - Downloading https://repo.maven.apache.org/maven2/org/spockframework/spock-spring/0.7-groovy-2.0/spock-spring-0.7-groovy-2.0.pom
2016-05-18 07:52:52,375 [Worker-2] INFO  o.e.m.c.i.e.AbstractTransferListenerAdapter - Downloaded https://repo.maven.apache.org/maven2/org/spockframework/spock-spring/0.7-groovy-2.0/spock-spring-0.7-groovy-2.0.pom
2016-05-18 07:52:52,445 [Worker-2] INFO  o.e.m.c.i.e.AbstractTransferListenerAdapter - Downloading https://repo.maven.apache.org/maven2/org/spockframework/spock-core/0.7-groovy-2.0/spock-core-0.7-groovy-2.0.pom
2016-05-18 07:52:52,516 [Worker-2] INFO  o.e.m.c.i.e.AbstractTransferListenerAdapter - Downloaded https://repo.maven.apache.org/maven2/org/spockframework/spock-core/0.7-groovy-2.0/spock-core-0.7-groovy-2.0.pom
2016-05-18 07:52:52,579 [Worker-2] INFO  o.e.m.c.i.e.AbstractTransferListenerAdapter - Downloading https://repo.maven.apache.org/maven2/junit/junit-dep/4.10/junit-dep-4.10.pom
2016-05-18 07:52:52,641 [Worker-2] INFO  o.e.m.c.i.e.AbstractTransferListenerAdapter - Downloaded https://repo.maven.apache.org/maven2/junit/junit-dep/4.10/junit-dep-4.10.pom
2016-05-18 07:52:53,064 [Worker-2] INFO  o.e.m.c.i.e.AbstractTransferListenerAdapter - Downloading https://repo.maven.apache.org/maven2/org/spockframework/spock-spring/0.7-groovy-2.0/spock-spring-0.7-groovy-2.0.jar
2016-05-18 07:52:53,225 [Worker-2] INFO  o.e.m.c.i.e.AbstractTransferListenerAdapter - Downloaded https://repo.maven.apache.org/maven2/org/spockframework/spock-spring/0.7-groovy-2.0/spock-spring-0.7-groovy-2.0.jar
2016-05-18 07:52:53,277 [Worker-2] INFO  o.e.m.c.i.e.AbstractTransferListenerAdapter - Downloading https://repo.maven.apache.org/maven2/org/spockframework/spock-core/0.7-groovy-2.0/spock-core-0.7-groovy-2.0.jar
2016-05-18 07:52:53,694 [Worker-2] INFO  o.e.m.c.i.e.AbstractTransferListenerAdapter - Downloaded https://repo.maven.apache.org/maven2/org/spockframework/spock-core/0.7-groovy-2.0/spock-core-0.7-groovy-2.0.jar
2016-05-18 07:52:53,759 [Worker-2] INFO  o.e.m.c.i.e.AbstractTransferListenerAdapter - Downloading https://repo.maven.apache.org/maven2/junit/junit-dep/4.10/junit-dep-4.10.jar
2016-05-18 07:52:53,999 [Worker-2] INFO  o.e.m.c.i.e.AbstractTransferListenerAdapter - Downloaded https://repo.maven.apache.org/maven2/junit/junit-dep/4.10/junit-dep-4.10.jar
2016-05-18 07:52:57,920 [Worker-2] INFO  o.e.m.c.i.embedder.EclipseLogger - Using 'UTF-8' encoding to copy filtered resources.
2016-05-18 07:52:57,930 [Worker-2] INFO  o.e.m.c.i.embedder.EclipseLogger - Copying 1 resource
2016-05-18 07:52:57,966 [Worker-2] INFO  o.e.m.c.i.embedder.EclipseLogger - Copying 4 resources
2016-05-18 07:52:58,003 [Worker-2] INFO  o.e.m.c.i.embedder.EclipseLogger - Using 'UTF-8' encoding to copy filtered resources.
2016-05-18 07:52:58,003 [Worker-2] INFO  o.e.m.c.i.embedder.EclipseLogger - skip non existing resourceDirectory C:\Users\Ricardo\Documents\GitHub\springboot-jsf\spring-jsf-1\src\test\resources
2016-05-18 07:53:02,717 [Worker-8] INFO  o.e.m.c.i.embedder.EclipseLogger - Using 'UTF-8' encoding to copy filtered resources.
2016-05-18 07:53:02,724 [Worker-8] INFO  o.e.m.c.i.embedder.EclipseLogger - Copying 1 resource
2016-05-18 07:53:02,735 [Worker-8] INFO  o.e.m.c.i.embedder.EclipseLogger - Copying 4 resources
2016-05-18 07:53:02,769 [Worker-8] INFO  o.e.m.c.i.embedder.EclipseLogger - Using 'UTF-8' encoding to copy filtered resources.
2016-05-18 07:53:02,776 [Worker-8] INFO  o.e.m.c.i.embedder.EclipseLogger - skip non existing resourceDirectory C:\Users\Ricardo\Documents\GitHub\springboot-jsf\spring-jsf-1\src\test\resources
2016-05-18 07:58:38,618 [Worker-10] INFO  o.e.m.c.i.embedder.EclipseLogger - Using 'UTF-8' encoding to copy filtered resources.
2016-05-18 07:58:38,634 [Worker-10] INFO  o.e.m.c.i.embedder.EclipseLogger - Copying 0 resource
2016-05-18 07:58:38,656 [Worker-10] INFO  o.e.m.c.i.embedder.EclipseLogger - Copying 1 resource
2016-05-18 07:58:38,669 [Worker-10] INFO  o.e.m.c.i.embedder.EclipseLogger - Using 'UTF-8' encoding to copy filtered resources.
2016-05-18 07:58:38,669 [Worker-10] INFO  o.e.m.c.i.embedder.EclipseLogger - skip non existing resourceDirectory C:\Users\Ricardo\Documents\GitHub\springboot-jsf\spring-jsf-1\src\test\resources
